<?xml version="1.0" encoding="UTF-8"?>
<!-- Generated by org.testng.reporters.JUnitReportReporter -->
<testsuite hostname="Onkar-Desktop" failures="0" tests="1" name="sfsdfsf.fgdfgdfg" time="2.007" errors="0" timestamp="2023-09-11T17:37:49 IST" skipped="0">
  <testcase classname="sfsdfsf.fgdfgdfg" name="ewwerdsf" time="2.007"/>
  <system-out/>
</testsuite> <!-- sfsdfsf.fgdfgdfg -->
